
2026-01-09 13:01:31,812 - INFO - User ID: 832057046 - Input: /start - Status: {}
2026-01-09 13:01:39,788 - INFO - User ID: 832057046 - Input: BTC - Status: {}
2026-01-09 13:01:44,867 - INFO - User ID: 832057046 - Input: 100 - Status: {'crypto_symbols': ['BTC']}
2026-01-09 13:01:54,564 - INFO - User ID: 832057046 - Input: 1000 - Status: {'crypto_symbols': ['BTC'], 'time_interval': 100}
2026-01-09 13:01:54,933 - INFO - Started tracking for 832057046: ['BTC']
2026-01-09 14:04:40,217 - ERROR - Infinity polling: polling exited
2026-01-09 14:04:40,218 - ERROR - Break infinity polling
2026-01-09 14:07:32,871 - ERROR - Infinity polling: polling exited
2026-01-09 14:07:32,871 - ERROR - Break infinity polling
2026-01-09 14:09:55,182 - ERROR - Infinity polling: polling exited
2026-01-09 14:09:55,182 - ERROR - Break infinity polling
2026-01-09 14:12:42,967 - ERROR - Infinity polling: polling exited
2026-01-09 14:12:42,967 - ERROR - Break infinity polling
2026-01-09 14:16:13,190 - ERROR - Infinity polling: polling exited
2026-01-09 14:16:13,190 - ERROR - Break infinity polling
2026-01-09 14:19:01,556 - ERROR - Infinity polling: polling exited
2026-01-09 14:19:01,556 - ERROR - Break infinity polling
2026-01-09 14:28:02,029 - ERROR - Infinity polling: polling exited
2026-01-09 14:28:02,030 - ERROR - Break infinity polling
2026-01-09 14:28:16,741 - ERROR - Infinity polling: polling exited
2026-01-09 14:28:16,741 - ERROR - Break infinity polling
